Starting test run at Tue 10/29/2024 17:24:25.45 
============================== 
Initializing test database... 
Test database initialized successfully
C:\Program Files\Python311\Lib\site-packages\flask\testing.py:118: DeprecationWarning: The '__version__' attribute is deprecated and will be removed in Werkzeug 3.1. Use feature detection or 'importlib.metadata.version("werkzeug")' instead.
  "HTTP_USER_AGENT": f"werkzeug/{werkzeug.__version__}",
test_keyword_stats (test_api.TestAPI.test_keyword_stats) ... FAIL
test_login (test_api.TestAPI.test_login) ... FAIL

======================================================================
FAIL: test_keyword_stats (test_api.TestAPI.test_keyword_stats)
----------------------------------------------------------------------
Traceback (most recent call last):
  File "C:\Users\hp\Desktop\Mental Health bot\tests\test_api.py", line 44, in test_keyword_stats
    self.assertEqual(response.status_code, 200)
AssertionError: 404 != 200

======================================================================
FAIL: test_login (test_api.TestAPI.test_login)
----------------------------------------------------------------------
Traceback (most recent call last):
  File "C:\Users\hp\Desktop\Mental Health bot\tests\test_api.py", line 39, in test_login
    self.assertEqual(response.status_code, 302)
AssertionError: 404 != 302

----------------------------------------------------------------------
Ran 2 tests in 0.334s

FAILED (failures=2)
Test database initialized successfully
 
Running Frontend Tests... 
------------------------------ 
Installing frontend dependencies... 
npm WARN EBADENGINE Unsupported engine {
npm WARN EBADENGINE   package: '@testing-library/dom@10.4.0',
npm WARN EBADENGINE   required: { node: '>=18' },
npm WARN EBADENGINE   current: { node: 'v16.20.0', npm: '8.19.4' }
npm WARN EBADENGINE }

up to date, audited 1404 packages in 3s

272 packages are looking for funding
  run `npm fund` for details

9 vulnerabilities (2 moderate, 7 high)

To address issues that do not require attention, run:
  npm audit fix

To address all issues (including breaking changes), run:
  npm audit fix --force

Run `npm audit` for details.
Running tests... 

> frontend@0.1.0 test
> react-scripts test --watchAll=false --verbose

We detected setupFilesAfterEnv in your package.json.

Remove it from Jest configuration, and put the initialization code in src/setupTests.js.
This file will be loaded automatically.

